<?xml version="1.0" encoding="UTF-8"?>
<coverage generated="1634326551227" clover="3.2.0">
  <project timestamp="1634326551227" name="All files">
    <metrics statements="13" coveredstatements="13" conditionals="1" coveredconditionals="1" methods="1" coveredmethods="1" elements="15" coveredelements="15" complexity="0" loc="13" ncloc="13" packages="1" files="1" classes="1"/>
    <file name="ejercicio2.js" path="C:\Users\001789661\Desktop\estudiando\master logica de programaciòn\master-logica\test-para-ejercicio.js\ejercicio2.js\ejercicio2.js">
      <metrics statements="13" coveredstatements="13" conditionals="1" coveredconditionals="1" methods="1" coveredmethods="1"/>
      <line num="1" count="1" type="stmt"/>
      <line num="2" count="1" type="stmt"/>
      <line num="3" count="1" type="cond" truecount="1" falsecount="0"/>
      <line num="4" count="2" type="stmt"/>
      <line num="5" count="2" type="stmt"/>
      <line num="6" count="2" type="stmt"/>
      <line num="7" count="2" type="stmt"/>
      <line num="8" count="2" type="stmt"/>
      <line num="9" count="2" type="stmt"/>
      <line num="10" count="2" type="stmt"/>
      <line num="11" count="1" type="stmt"/>
      <line num="12" count="1" type="stmt"/>
      <line num="13" count="1" type="stmt"/>
    </file>
  </project>
</coverage>
